<?xml version="1.0" encoding="UTF-8"?>
<testsuite xmlns:xsi="http://www.w3.org/2001/XMLSchema-instance" xsi:noNamespaceSchemaLocation="https://maven.apache.org/surefire/maven-surefire-plugin/xsd/surefire-test-report.xsd" version="3.0.2" name="com.sencours.controller.SectionControllerIntegrationTest$CreateSectionTests" time="0.405" tests="4" errors="0" skipped="0" failures="0">
  <properties>
[...]
</properties>
  <testcase name="shouldCreateSectionSuccessfully" classname="com.sencours.controller.SectionControllerIntegrationTest$CreateSectionTests" time="0.105">
    <system-out><![CDATA[2026-02-05T01:42:08.849Z  INFO 65259 --- [sencours-backend-test] [           main] t.c.s.AnnotationConfigContextLoaderUtils : Could not detect default configuration classes for test class [com.sencours.controller.SectionControllerIntegrationTest$CreateSectionTests]: CreateSectionTests does not declare any static, non-private, non-final, nested classes annotated with @Configuration.
2026-02-05T01:42:08.851Z  INFO 65259 --- [sencours-backend-test] [           main] .b.t.c.SpringBootTestContextBootstrapper : Found @SpringBootConfiguration com.sencours.SencoursApplication for test class com.sencours.controller.SectionControllerIntegrationTest$CreateSectionTests
Hibernate: 
    select
        p1_0.id,
        p1_0.completed,
        p1_0.completed_at,
        p1_0.enrollment_id,
        p1_0.lesson_id 
    from
        progress p1_0
Hibernate: 
    select
        e1_0.id,
        e1_0.completed_at,
        e1_0.course_id,
        e1_0.enrolled_at,
        e1_0.student_id 
    from
        enrollments e1_0
Hibernate: 
    select
        l1_0.id,
        l1_0.content,
        l1_0.duration,
        l1_0.is_free,
        l1_0.order_index,
        l1_0.section_id,
        l1_0.title,
        l1_0.type 
    from
        lessons l1_0
Hibernate: 
    select
        s1_0.id,
        s1_0.course_id,
        s1_0.order_index,
        s1_0.title 
    from
        sections s1_0
Hibernate: 
    select
        c1_0.id,
        c1_0.category_id,
        c1_0.created_at,
        c1_0.description,
        c1_0.instructor_id,
        c1_0.price,
        c1_0.status,
        c1_0.thumbnail_url,
        c1_0.title,
        c1_0.updated_at 
    from
        courses c1_0
Hibernate: 
    select
        e1_0.course_id,
        e1_0.id,
        e1_0.completed_at,
        e1_0.enrolled_at,
        e1_0.student_id 
    from
        enrollments e1_0 
    where
        e1_0.course_id=?
Hibernate: 
    select
        r1_0.course_id,
        r1_0.id,
        r1_0.comment,
        r1_0.created_at,
        r1_0.rating,
        r1_0.student_id,
        r1_0.updated_at 
    from
        reviews r1_0 
    where
        r1_0.course_id=?
Hibernate: 
    select
        s1_0.course_id,
        s1_0.id,
        s1_0.order_index,
        s1_0.title 
    from
        sections s1_0 
    where
        s1_0.course_id=? 
    order by
        s1_0.order_index
Hibernate: 
    delete 
    from
        courses 
    where
        id=?
Hibernate: 
    select
        u1_0.id,
        u1_0.bio,
        u1_0.created_at,
        u1_0.email,
        u1_0.first_name,
        u1_0.is_active,
        u1_0.last_name,
        u1_0.password,
        u1_0.profile_picture,
        u1_0.role,
        u1_0.updated_at 
    from
        users u1_0
Hibernate: 
    delete 
    from
        users 
    where
        id=?
Hibernate: 
    select
        c1_0.id,
        c1_0.description,
        c1_0.name 
    from
        categories c1_0
Hibernate: 
    delete 
    from
        categories 
    where
        id=?
Hibernate: 
    insert 
    into
        users
        (bio, created_at, email, first_name, is_active, last_name, password, profile_picture, role, updated_at, id) 
    values
        (?, ?, ?, ?, ?, ?, ?, ?, ?, ?, default)
Hibernate: 
    insert 
    into
        categories
        (description, name, id) 
    values
        (?, ?, default)
Hibernate: 
    insert 
    into
        courses
        (category_id, created_at, description, instructor_id, price, status, thumbnail_url, title, updated_at, id) 
    values
        (?, ?, ?, ?, ?, ?, ?, ?, ?, default)
Hibernate: 
    select
        u1_0.id,
        u1_0.bio,
        u1_0.created_at,
        u1_0.email,
        u1_0.first_name,
        u1_0.is_active,
        u1_0.last_name,
        u1_0.password,
        u1_0.profile_picture,
        u1_0.role,
        u1_0.updated_at 
    from
        users u1_0 
    where
        u1_0.email=?
2026-02-05T01:42:08.952Z  INFO 65259 --- [sencours-backend-test] [           main] c.s.service.impl.SectionServiceImpl      : Création d'une nouvelle section pour le cours ID: 62
Hibernate: 
    select
        c1_0.id,
        c1_0.category_id,
        c1_0.created_at,
        c1_0.description,
        c1_0.instructor_id,
        c1_0.price,
        c1_0.status,
        c1_0.thumbnail_url,
        c1_0.title,
        c1_0.updated_at 
    from
        courses c1_0 
    where
        c1_0.id=?
Hibernate: 
    select
        count(s1_0.id) 
    from
        sections s1_0 
    left join
        courses c1_0 
            on c1_0.id=s1_0.course_id 
    where
        c1_0.id=?
Hibernate: 
    insert 
    into
        sections
        (course_id, order_index, title, id) 
    values
        (?, ?, ?, default)
2026-02-05T01:42:08.955Z  INFO 65259 --- [sencours-backend-test] [           main] c.s.service.impl.SectionServiceImpl      : Section créée avec succès. ID: 45, orderIndex: 1
]]></system-out>
  </testcase>
  <testcase name="shouldReturn404WhenCourseNotFound" classname="com.sencours.controller.SectionControllerIntegrationTest$CreateSectionTests" time="0.095">
    <system-out><![CDATA[Hibernate: 
    select
        p1_0.id,
        p1_0.completed,
        p1_0.completed_at,
        p1_0.enrollment_id,
        p1_0.lesson_id 
    from
        progress p1_0
Hibernate: 
    select
        e1_0.id,
        e1_0.completed_at,
        e1_0.course_id,
        e1_0.enrolled_at,
        e1_0.student_id 
    from
        enrollments e1_0
Hibernate: 
    select
        l1_0.id,
        l1_0.content,
        l1_0.duration,
        l1_0.is_free,
        l1_0.order_index,
        l1_0.section_id,
        l1_0.title,
        l1_0.type 
    from
        lessons l1_0
Hibernate: 
    select
        s1_0.id,
        s1_0.course_id,
        s1_0.order_index,
        s1_0.title 
    from
        sections s1_0
Hibernate: 
    select
        l1_0.section_id,
        l1_0.id,
        l1_0.content,
        l1_0.duration,
        l1_0.is_free,
        l1_0.order_index,
        l1_0.title,
        l1_0.type 
    from
        lessons l1_0 
    where
        l1_0.section_id=? 
    order by
        l1_0.order_index
Hibernate: 
    delete 
    from
        sections 
    where
        id=?
Hibernate: 
    select
        c1_0.id,
        c1_0.category_id,
        c1_0.created_at,
        c1_0.description,
        c1_0.instructor_id,
        c1_0.price,
        c1_0.status,
        c1_0.thumbnail_url,
        c1_0.title,
        c1_0.updated_at 
    from
        courses c1_0
Hibernate: 
    select
        e1_0.course_id,
        e1_0.id,
        e1_0.completed_at,
        e1_0.enrolled_at,
        e1_0.student_id 
    from
        enrollments e1_0 
    where
        e1_0.course_id=?
Hibernate: 
    select
        r1_0.course_id,
        r1_0.id,
        r1_0.comment,
        r1_0.created_at,
        r1_0.rating,
        r1_0.student_id,
        r1_0.updated_at 
    from
        reviews r1_0 
    where
        r1_0.course_id=?
Hibernate: 
    select
        s1_0.course_id,
        s1_0.id,
        s1_0.order_index,
        s1_0.title 
    from
        sections s1_0 
    where
        s1_0.course_id=? 
    order by
        s1_0.order_index
Hibernate: 
    delete 
    from
        courses 
    where
        id=?
Hibernate: 
    select
        u1_0.id,
        u1_0.bio,
        u1_0.created_at,
        u1_0.email,
        u1_0.first_name,
        u1_0.is_active,
        u1_0.last_name,
        u1_0.password,
        u1_0.profile_picture,
        u1_0.role,
        u1_0.updated_at 
    from
        users u1_0
Hibernate: 
    delete 
    from
        users 
    where
        id=?
Hibernate: 
    select
        c1_0.id,
        c1_0.description,
        c1_0.name 
    from
        categories c1_0
Hibernate: 
    delete 
    from
        categories 
    where
        id=?
Hibernate: 
    insert 
    into
        users
        (bio, created_at, email, first_name, is_active, last_name, password, profile_picture, role, updated_at, id) 
    values
        (?, ?, ?, ?, ?, ?, ?, ?, ?, ?, default)
Hibernate: 
    insert 
    into
        categories
        (description, name, id) 
    values
        (?, ?, default)
Hibernate: 
    insert 
    into
        courses
        (category_id, created_at, description, instructor_id, price, status, thumbnail_url, title, updated_at, id) 
    values
        (?, ?, ?, ?, ?, ?, ?, ?, ?, default)
Hibernate: 
    select
        u1_0.id,
        u1_0.bio,
        u1_0.created_at,
        u1_0.email,
        u1_0.first_name,
        u1_0.is_active,
        u1_0.last_name,
        u1_0.password,
        u1_0.profile_picture,
        u1_0.role,
        u1_0.updated_at 
    from
        users u1_0 
    where
        u1_0.email=?
2026-02-05T01:42:09.049Z  INFO 65259 --- [sencours-backend-test] [           main] c.s.service.impl.SectionServiceImpl      : Création d'une nouvelle section pour le cours ID: 999
Hibernate: 
    select
        c1_0.id,
        c1_0.category_id,
        c1_0.created_at,
        c1_0.description,
        c1_0.instructor_id,
        c1_0.price,
        c1_0.status,
        c1_0.thumbnail_url,
        c1_0.title,
        c1_0.updated_at 
    from
        courses c1_0 
    where
        c1_0.id=?
2026-02-05T01:42:09.050Z  WARN 65259 --- [sencours-backend-test] [           main] c.s.exception.GlobalExceptionHandler     : Resource not found: Cours non trouvé avec id : '999'
]]></system-out>
  </testcase>
  <testcase name="shouldAutoIncrementOrderIndex" classname="com.sencours.controller.SectionControllerIntegrationTest$CreateSectionTests" time="0.099">
    <system-out><![CDATA[Hibernate: 
    select
        p1_0.id,
        p1_0.completed,
        p1_0.completed_at,
        p1_0.enrollment_id,
        p1_0.lesson_id 
    from
        progress p1_0
Hibernate: 
    select
        e1_0.id,
        e1_0.completed_at,
        e1_0.course_id,
        e1_0.enrolled_at,
        e1_0.student_id 
    from
        enrollments e1_0
Hibernate: 
    select
        l1_0.id,
        l1_0.content,
        l1_0.duration,
        l1_0.is_free,
        l1_0.order_index,
        l1_0.section_id,
        l1_0.title,
        l1_0.type 
    from
        lessons l1_0
Hibernate: 
    select
        s1_0.id,
        s1_0.course_id,
        s1_0.order_index,
        s1_0.title 
    from
        sections s1_0
Hibernate: 
    select
        c1_0.id,
        c1_0.category_id,
        c1_0.created_at,
        c1_0.description,
        c1_0.instructor_id,
        c1_0.price,
        c1_0.status,
        c1_0.thumbnail_url,
        c1_0.title,
        c1_0.updated_at 
    from
        courses c1_0
Hibernate: 
    select
        e1_0.course_id,
        e1_0.id,
        e1_0.completed_at,
        e1_0.enrolled_at,
        e1_0.student_id 
    from
        enrollments e1_0 
    where
        e1_0.course_id=?
Hibernate: 
    select
        r1_0.course_id,
        r1_0.id,
        r1_0.comment,
        r1_0.created_at,
        r1_0.rating,
        r1_0.student_id,
        r1_0.updated_at 
    from
        reviews r1_0 
    where
        r1_0.course_id=?
Hibernate: 
    select
        s1_0.course_id,
        s1_0.id,
        s1_0.order_index,
        s1_0.title 
    from
        sections s1_0 
    where
        s1_0.course_id=? 
    order by
        s1_0.order_index
Hibernate: 
    delete 
    from
        courses 
    where
        id=?
Hibernate: 
    select
        u1_0.id,
        u1_0.bio,
        u1_0.created_at,
        u1_0.email,
        u1_0.first_name,
        u1_0.is_active,
        u1_0.last_name,
        u1_0.password,
        u1_0.profile_picture,
        u1_0.role,
        u1_0.updated_at 
    from
        users u1_0
Hibernate: 
    delete 
    from
        users 
    where
        id=?
Hibernate: 
    select
        c1_0.id,
        c1_0.description,
        c1_0.name 
    from
        categories c1_0
Hibernate: 
    delete 
    from
        categories 
    where
        id=?
Hibernate: 
    insert 
    into
        users
        (bio, created_at, email, first_name, is_active, last_name, password, profile_picture, role, updated_at, id) 
    values
        (?, ?, ?, ?, ?, ?, ?, ?, ?, ?, default)
Hibernate: 
    insert 
    into
        categories
        (description, name, id) 
    values
        (?, ?, default)
Hibernate: 
    insert 
    into
        courses
        (category_id, created_at, description, instructor_id, price, status, thumbnail_url, title, updated_at, id) 
    values
        (?, ?, ?, ?, ?, ?, ?, ?, ?, default)
Hibernate: 
    insert 
    into
        sections
        (course_id, order_index, title, id) 
    values
        (?, ?, ?, default)
Hibernate: 
    select
        u1_0.id,
        u1_0.bio,
        u1_0.created_at,
        u1_0.email,
        u1_0.first_name,
        u1_0.is_active,
        u1_0.last_name,
        u1_0.password,
        u1_0.profile_picture,
        u1_0.role,
        u1_0.updated_at 
    from
        users u1_0 
    where
        u1_0.email=?
2026-02-05T01:42:09.147Z  INFO 65259 --- [sencours-backend-test] [           main] c.s.service.impl.SectionServiceImpl      : Création d'une nouvelle section pour le cours ID: 64
Hibernate: 
    select
        c1_0.id,
        c1_0.category_id,
        c1_0.created_at,
        c1_0.description,
        c1_0.instructor_id,
        c1_0.price,
        c1_0.status,
        c1_0.thumbnail_url,
        c1_0.title,
        c1_0.updated_at 
    from
        courses c1_0 
    where
        c1_0.id=?
Hibernate: 
    select
        count(s1_0.id) 
    from
        sections s1_0 
    left join
        courses c1_0 
            on c1_0.id=s1_0.course_id 
    where
        c1_0.id=?
Hibernate: 
    insert 
    into
        sections
        (course_id, order_index, title, id) 
    values
        (?, ?, ?, default)
2026-02-05T01:42:09.149Z  INFO 65259 --- [sencours-backend-test] [           main] c.s.service.impl.SectionServiceImpl      : Section créée avec succès. ID: 47, orderIndex: 2
]]></system-out>
  </testcase>
  <testcase name="shouldReturn400WhenTitleEmpty" classname="com.sencours.controller.SectionControllerIntegrationTest$CreateSectionTests" time="0.101">
    <system-out><![CDATA[Hibernate: 
    select
        p1_0.id,
        p1_0.completed,
        p1_0.completed_at,
        p1_0.enrollment_id,
        p1_0.lesson_id 
    from
        progress p1_0
Hibernate: 
    select
        e1_0.id,
        e1_0.completed_at,
        e1_0.course_id,
        e1_0.enrolled_at,
        e1_0.student_id 
    from
        enrollments e1_0
Hibernate: 
    select
        l1_0.id,
        l1_0.content,
        l1_0.duration,
        l1_0.is_free,
        l1_0.order_index,
        l1_0.section_id,
        l1_0.title,
        l1_0.type 
    from
        lessons l1_0
Hibernate: 
    select
        s1_0.id,
        s1_0.course_id,
        s1_0.order_index,
        s1_0.title 
    from
        sections s1_0
Hibernate: 
    select
        l1_0.section_id,
        l1_0.id,
        l1_0.content,
        l1_0.duration,
        l1_0.is_free,
        l1_0.order_index,
        l1_0.title,
        l1_0.type 
    from
        lessons l1_0 
    where
        l1_0.section_id=? 
    order by
        l1_0.order_index
Hibernate: 
    select
        l1_0.section_id,
        l1_0.id,
        l1_0.content,
        l1_0.duration,
        l1_0.is_free,
        l1_0.order_index,
        l1_0.title,
        l1_0.type 
    from
        lessons l1_0 
    where
        l1_0.section_id=? 
    order by
        l1_0.order_index
Hibernate: 
    delete 
    from
        sections 
    where
        id=?
Hibernate: 
    delete 
    from
        sections 
    where
        id=?
Hibernate: 
    select
        c1_0.id,
        c1_0.category_id,
        c1_0.created_at,
        c1_0.description,
        c1_0.instructor_id,
        c1_0.price,
        c1_0.status,
        c1_0.thumbnail_url,
        c1_0.title,
        c1_0.updated_at 
    from
        courses c1_0
Hibernate: 
    select
        e1_0.course_id,
        e1_0.id,
        e1_0.completed_at,
        e1_0.enrolled_at,
        e1_0.student_id 
    from
        enrollments e1_0 
    where
        e1_0.course_id=?
Hibernate: 
    select
        r1_0.course_id,
        r1_0.id,
        r1_0.comment,
        r1_0.created_at,
        r1_0.rating,
        r1_0.student_id,
        r1_0.updated_at 
    from
        reviews r1_0 
    where
        r1_0.course_id=?
Hibernate: 
    select
        s1_0.course_id,
        s1_0.id,
        s1_0.order_index,
        s1_0.title 
    from
        sections s1_0 
    where
        s1_0.course_id=? 
    order by
        s1_0.order_index
Hibernate: 
    delete 
    from
        courses 
    where
        id=?
Hibernate: 
    select
        u1_0.id,
        u1_0.bio,
        u1_0.created_at,
        u1_0.email,
        u1_0.first_name,
        u1_0.is_active,
        u1_0.last_name,
        u1_0.password,
        u1_0.profile_picture,
        u1_0.role,
        u1_0.updated_at 
    from
        users u1_0
Hibernate: 
    delete 
    from
        users 
    where
        id=?
Hibernate: 
    select
        c1_0.id,
        c1_0.description,
        c1_0.name 
    from
        categories c1_0
Hibernate: 
    delete 
    from
        categories 
    where
        id=?
Hibernate: 
    insert 
    into
        users
        (bio, created_at, email, first_name, is_active, last_name, password, profile_picture, role, updated_at, id) 
    values
        (?, ?, ?, ?, ?, ?, ?, ?, ?, ?, default)
Hibernate: 
    insert 
    into
        categories
        (description, name, id) 
    values
        (?, ?, default)
Hibernate: 
    insert 
    into
        courses
        (category_id, created_at, description, instructor_id, price, status, thumbnail_url, title, updated_at, id) 
    values
        (?, ?, ?, ?, ?, ?, ?, ?, ?, default)
Hibernate: 
    select
        u1_0.id,
        u1_0.bio,
        u1_0.created_at,
        u1_0.email,
        u1_0.first_name,
        u1_0.is_active,
        u1_0.last_name,
        u1_0.password,
        u1_0.profile_picture,
        u1_0.role,
        u1_0.updated_at 
    from
        users u1_0 
    where
        u1_0.email=?
2026-02-05T01:42:09.250Z  WARN 65259 --- [sencours-backend-test] [           main] c.s.exception.GlobalExceptionHandler     : Validation error: Validation failed for argument [1] in public org.springframework.http.ResponseEntity<com.sencours.dto.response.SectionResponse> com.sencours.controller.SectionController.create(java.lang.Long,com.sencours.dto.request.SectionRequest) with 2 errors: [Field error in object 'sectionRequest' on field 'title': rejected value []; codes [NotBlank.sectionRequest.title,NotBlank.title,NotBlank.java.lang.String,NotBlank]; arguments [org.springframework.context.support.DefaultMessageSourceResolvable: codes [sectionRequest.title,title]; arguments []; default message [title]]; default message [Le titre de la section est obligatoire]] [Field error in object 'sectionRequest' on field 'title': rejected value []; codes [Size.sectionRequest.title,Size.title,Size.java.lang.String,Size]; arguments [org.springframework.context.support.DefaultMessageSourceResolvable: codes [sectionRequest.title,title]; arguments []; default message [title],200,3]; default message [Le titre doit contenir entre 3 et 200 caractères]] 
]]></system-out>
  </testcase>
</testsuite>